Arguments: 
  /usr/local/Cellar/node/17.6.0/bin/node /usr/local/bin/yarn add react-native-dec

PATH: 
  /Users/keval/Library/Android/sdk/tools/bin:/Users/keval/Library/Android/sdk/tools:/Users/keval/Library/Android/sdk/platform-tools:/usr/local/bin:/usr/bin:/bin:/usr/sbin:/sbin:/Library/Apple/usr/bin:/Users/keval/Library/Android/sdk/tools/bin:/Users/keval/Library/Android/sdk/tools:/Users/keval/Library/Android/sdk/platform-tools

Yarn version: 
  1.22.18

Node version: 
  17.6.0

Platform: 
  darwin x64

Trace: 
  Error: https://registry.yarnpkg.com/react-native-dec: Not found
      at Request.params.callback [as _callback] (/usr/local/lib/node_modules/yarn/lib/cli.js:66138:18)
      at Request.self.callback (/usr/local/lib/node_modules/yarn/lib/cli.js:140883:22)
      at Request.emit (node:events:527:28)
      at Request.<anonymous> (/usr/local/lib/node_modules/yarn/lib/cli.js:141855:10)
      at Request.emit (node:events:527:28)
      at IncomingMessage.<anonymous> (/usr/local/lib/node_modules/yarn/lib/cli.js:141777:12)
      at Object.onceWrapper (node:events:641:28)
      at IncomingMessage.emit (node:events:539:35)
      at endReadableNT (node:internal/streams/readable:1342:12)
      at processTicksAndRejections (node:internal/process/task_queues:83:21)

npm manifest: 
  {
    "name": "binge",
    "version": "1.0.0",
    "main": "node_modules/expo/AppEntry.js",
    "scripts": {
      "start": "expo start",
      "android": "expo start --android",
      "ios": "expo start --ios",
      "web": "expo start --web",
      "eject": "expo eject"
    },
    "dependencies": {
      "@ptomasroos/react-native-multi-slider": "^2.2.2",
      "@react-native-community/datetimepicker": "4.0.0",
      "@react-native-community/slider": "4.1.12",
      "@react-native-picker/picker": "2.2.1",
      "@react-navigation/bottom-tabs": "^6.3.1",
      "@react-navigation/native": "^6.0.10",
      "@react-navigation/native-stack": "^6.6.1",
      "again": "^0.0.1",
      "dotenv": "^16.0.0",
      "expo": "~44.0.0",
      "expo-clipboard": "~2.1.0",
      "expo-firebase-recaptcha": "~2.1.0",
      "expo-image-picker": "~12.0.1",
      "expo-location": "~14.0.1",
      "expo-notifications": "~0.14.0",
      "expo-splash-screen": "~0.14.1",
      "expo-status-bar": "~1.2.0",
      "firebase": "^9.6.10",
      "moment": "^2.29.2",
      "react": "17.0.1",
      "react-dom": "17.0.1",
      "react-native": "0.64.3",
      "react-native-dotenv": "^3.3.1",
      "react-native-gesture-handler": "~2.1.0",
      "react-native-gifted-chat": "^0.16.3",
      "react-native-reanimated": "2.3.1",
      "react-native-safe-area-context": "3.3.2",
      "react-native-screens": "~3.10.1",
      "react-native-uuid": "^2.0.1",
      "react-native-web": "0.17.1",
      "react-native-webview": "^11.18.1"
    },
    "devDependencies": {
      "@babel/core": "^7.12.9"
    },
    "private": true
  }

yarn manifest: 
  No manifest

Lockfile: 
  No lockfile
